  pch.cpp
  Animation.cpp
  Animator.cpp
  Bone.cpp
  BoneInfo.cpp
  Bounds.cpp
  Cinematic.cpp
  CineTrack.cpp
  CLBase.cpp
  CubeRenderer.cpp
  Draw2D.cpp
  Engine.cpp
  FileHelp.cpp
  Importer.cpp
  opencl.hpp: CL_HPP_TARGET_OPENCL_VERSION is not defined. It will default to 300 (OpenCL 3.0)
C:\dev\Vivid3D\VividEngine\Mesh3D.h(50,21): warning C4267: 'return': conversion from 'size_t' to 'int', possible loss of data
C:\dev\Vivid3D\VividEngine\Cinematic.cpp(187,16): warning C4244: 'initializing': conversion from 'double' to 'float', possible loss of data
C:\dev\Vivid3D\VividEngine\Cinematic.cpp(189,17): warning C4244: 'initializing': conversion from 'double' to 'float', possible loss of data
C:\dev\Vivid3D\VividEngine\Cinematic.cpp(218,17): warning C4244: 'initializing': conversion from 'double' to 'float', possible loss of data
C:\dev\Vivid3D\VividEngine\Cinematic.cpp(220,18): warning C4244: 'initializing': conversion from 'double' to 'float', possible loss of data
C:\dev\Vivid3D\VividEngine\Animation.h(47,10): warning C4244: 'return': conversion from 'int' to 'float', possible loss of data
C:\dev\Vivid3D\VividEngine\MathsHelp.h(18,27): warning C4244: 'return': conversion from 'double' to 'float', possible loss of data
C:\dev\Vivid3D\VividEngine\Animation.h(47,10): warning C4244: 'return': conversion from 'int' to 'float', possible loss of data
C:\dev\Vivid3D\VividEngine\Bone.cpp(28,88): warning C4244: 'argument': conversion from 'double' to 'float', possible loss of data
C:\dev\Vivid3D\VividEngine\Bone.cpp(35,85): warning C4244: 'argument': conversion from 'double' to 'float', possible loss of data
C:\dev\Vivid3D\VividEngine\Bone.cpp(40,85): warning C4244: 'argument': conversion from 'double' to 'float', possible loss of data
C:\dev\Vivid3D\VividEngine\MathsHelp.h(18,27): warning C4244: 'return': conversion from 'double' to 'float', possible loss of data
C:\dev\Vivid3D\VividEngine\Animation.cpp(14,19): warning C4244: '=': conversion from 'double' to 'float', possible loss of data
C:\dev\Vivid3D\VividEngine\Animation.cpp(15,25): warning C4244: '=': conversion from 'double' to 'int', possible loss of data
C:\dev\Vivid3D\VividEngine\Animation.cpp(32,20): warning C4018: '<': signed/unsigned mismatch
  Intersections.cpp
  Material2D.cpp
C:\dev\Vivid3D\VividEngine\CineTrack.cpp(87,1): warning C4715: 'CineTrack::GetFrames': not all control paths return a value
  MaterialActorDepth.cpp
  MaterialActorLight.cpp
  MaterialBase.cpp
  MaterialBlur.cpp
  MaterialColorLimit.cpp
C:\dev\Vivid3D\VividEngine\Mesh3D.h(50,21): warning C4267: 'return': conversion from 'size_t' to 'int', possible loss of data
C:\dev\Vivid3D\VividEngine\Engine.cpp(161,50): warning C4101: 'e': unreferenced local variable
  MaterialCombine.cpp
  MaterialDepth.cpp
  MaterialEmissive.cpp
  opencl.hpp: CL_HPP_TARGET_OPENCL_VERSION is not defined. It will default to 300 (OpenCL 3.0)
C:\dev\Vivid3D\VividEngine\Animation.h(47,10): warning C4244: 'return': conversion from 'int' to 'float', possible loss of data
C:\dev\Vivid3D\VividEngine\Importer.cpp(122,23): warning C4018: '<': signed/unsigned mismatch
C:\dev\Vivid3D\VividEngine\Importer.cpp(272,23): warning C4018: '<': signed/unsigned mismatch
C:\dev\Vivid3D\VividEngine\Importer.cpp(277,27): warning C4018: '<': signed/unsigned mismatch
C:\dev\Vivid3D\VividEngine\Importer.cpp(288,48): warning C4244: 'argument': conversion from 'double' to 'T', possible loss of data
C:\dev\Vivid3D\VividEngine\Importer.cpp(288,48): warning C4244:         with
C:\dev\Vivid3D\VividEngine\Importer.cpp(288,48): warning C4244:         [
C:\dev\Vivid3D\VividEngine\Importer.cpp(288,48): warning C4244:             T=float
C:\dev\Vivid3D\VividEngine\Importer.cpp(288,48): warning C4244:         ]
C:\dev\Vivid3D\VividEngine\Importer.cpp(297,27): warning C4018: '<': signed/unsigned mismatch
C:\dev\Vivid3D\VividEngine\Importer.cpp(353,23): warning C4018: '<': signed/unsigned mismatch
C:\dev\Vivid3D\VividEngine\Importer.cpp(399,23): warning C4018: '<': signed/unsigned mismatch
C:\dev\Vivid3D\VividEngine\Importer.cpp(470,23): warning C4018: '<': signed/unsigned mismatch
C:\dev\Vivid3D\VividEngine\Importer.cpp(488,23): warning C4018: '<': signed/unsigned mismatch
  MaterialMeshLight.cpp
C:\dev\Vivid3D\VividEngine\Mesh3D.h(50,21): warning C4267: 'return': conversion from 'size_t' to 'int', possible loss of data
C:\dev\Vivid3D\VividEngine\Intersections.cpp(48,41): warning C4267: '=': conversion from 'size_t' to 'int', possible loss of data
C:\dev\Vivid3D\VividEngine\Intersections.cpp(56,49): warning C4267: '=': conversion from 'size_t' to 'int', possible loss of data
  MaterialMeshLines.cpp
  MaterialMeshPBR.cpp
  MaterialTerrain.cpp
  MaterialTerrainDepth.cpp
  MathsHelp.cpp
  Mesh3D.cpp
  MeshBuffer.cpp
  MeshLines.cpp
  MeshLinesBuffer.cpp
  NitroRenderer.cpp
C:\dev\Vivid3D\VividEngine\Intersections.cpp(312,1): warning C4715: 'Intersections::CastMesh': not all control paths return a value
  Node.cpp
  NodeActor.cpp
C:\dev\Vivid3D\VividEngine\MaterialMeshPBR.cpp(361,19): warning C4244: '=': conversion from 'double' to 'int', possible loss of data
C:\dev\Vivid3D\VividEngine\MaterialMeshPBR.cpp(364,61): warning C4244: 'argument': conversion from 'int' to 'T', possible loss of data
C:\dev\Vivid3D\VividEngine\MaterialMeshPBR.cpp(364,61): warning C4244:         with
C:\dev\Vivid3D\VividEngine\MaterialMeshPBR.cpp(364,61): warning C4244:         [
C:\dev\Vivid3D\VividEngine\MaterialMeshPBR.cpp(364,61): warning C4244:             T=float
C:\dev\Vivid3D\VividEngine\MaterialMeshPBR.cpp(364,61): warning C4244:         ]
C:\dev\Vivid3D\VividEngine\MaterialMeshPBR.cpp(406,19): warning C4244: '=': conversion from 'double' to 'int', possible loss of data
C:\dev\Vivid3D\VividEngine\MaterialMeshPBR.cpp(409,61): warning C4244: 'argument': conversion from 'int' to 'T', possible loss of data
C:\dev\Vivid3D\VividEngine\MaterialMeshPBR.cpp(409,61): warning C4244:         with
C:\dev\Vivid3D\VividEngine\MaterialMeshPBR.cpp(409,61): warning C4244:         [
C:\dev\Vivid3D\VividEngine\MaterialMeshPBR.cpp(409,61): warning C4244:             T=float
C:\dev\Vivid3D\VividEngine\MaterialMeshPBR.cpp(409,61): warning C4244:         ]
C:\dev\Vivid3D\VividEngine\Mesh3D.h(50,21): warning C4267: 'return': conversion from 'size_t' to 'int', possible loss of data
C:\dev\Vivid3D\VividEngine\Mesh3D.h(50,21): warning C4267: 'return': conversion from 'size_t' to 'int', possible loss of data
C:\dev\Vivid3D\VividEngine\MaterialTerrain.cpp(356,19): warning C4244: '=': conversion from 'double' to 'int', possible loss of data
C:\dev\Vivid3D\VividEngine\MaterialTerrain.cpp(404,19): warning C4244: '=': conversion from 'double' to 'int', possible loss of data
C:\dev\Vivid3D\VividEngine\MaterialTerrainDepth.cpp(354,19): warning C4244: '=': conversion from 'double' to 'int', possible loss of data
C:\dev\Vivid3D\VividEngine\MaterialTerrainDepth.cpp(402,19): warning C4244: '=': conversion from 'double' to 'int', possible loss of data
C:\dev\Vivid3D\VividEngine\MathsHelp.h(18,27): warning C4244: 'return': conversion from 'double' to 'float', possible loss of data
C:\dev\Vivid3D\VividEngine\Mesh3D.cpp(89,37): warning C4267: '=': conversion from 'size_t' to 'Diligent::Uint32', possible loss of data
C:\dev\Vivid3D\VividEngine\Mesh3D.cpp(114,36): warning C4267: '=': conversion from 'size_t' to 'Diligent::Uint32', possible loss of data
C:\dev\Vivid3D\VividEngine\MathsHelp.h(18,27): warning C4244: 'return': conversion from 'double' to 'float', possible loss of data
C:\dev\Vivid3D\VividEngine\MeshLines.cpp(54,37): warning C4267: '=': conversion from 'size_t' to 'Diligent::Uint32', possible loss of data
C:\dev\Vivid3D\VividEngine\MathsHelp.h(18,27): warning C4244: 'return': conversion from 'double' to 'float', possible loss of data
C:\dev\Vivid3D\VividEngine\Mesh3D.h(50,21): warning C4267: 'return': conversion from 'size_t' to 'int', possible loss of data
  NodeCamera.cpp
  NodeEntity.cpp
  NodeLight.cpp
  NodeTerrain.cpp
C:\dev\Vivid3D\VividEngine\MathsHelp.h(18,27): warning C4244: 'return': conversion from 'double' to 'float', possible loss of data
C:\dev\Vivid3D\VividEngine\NitroRenderer.cpp(354,52): warning C4267: '=': conversion from 'size_t' to 'Diligent::Uint32', possible loss of data
C:\dev\Vivid3D\VividEngine\NitroRenderer.cpp(467,52): warning C4267: '=': conversion from 'size_t' to 'Diligent::Uint32', possible loss of data
C:\dev\Vivid3D\VividEngine\NitroRenderer.cpp(912,52): warning C4267: '=': conversion from 'size_t' to 'Diligent::Uint32', possible loss of data
C:\dev\Vivid3D\VividEngine\NitroRenderer.cpp(1424,52): warning C4267: '=': conversion from 'size_t' to 'Diligent::Uint32', possible loss of data
C:\dev\Vivid3D\VividEngine\NitroRenderer.cpp(1686,71): warning C4267: '=': conversion from 'size_t' to 'Diligent::Uint32', possible loss of data
C:\dev\Vivid3D\VividEngine\NitroRenderer.cpp(1956,57): warning C4267: '=': conversion from 'size_t' to 'Diligent::Uint32', possible loss of data
C:\dev\Vivid3D\VividEngine\NitroRenderer.cpp(2217,52): warning C4267: '=': conversion from 'size_t' to 'Diligent::Uint32', possible loss of data
C:\dev\Vivid3D\VividEngine\NitroRenderer.cpp(2450,54): warning C4267: '=': conversion from 'size_t' to 'Diligent::Uint32', possible loss of data
  OctNode.cpp
  ParticleEffector.cpp
C:\dev\Vivid3D\VividEngine\MathsHelp.h(18,27): warning C4244: 'return': conversion from 'double' to 'float', possible loss of data
  PixelMap.cpp
C:\dev\Vivid3D\VividEngine\Node.cpp(71,12): warning C4305: '=': truncation from 'double' to 'float'
C:\dev\Vivid3D\VividEngine\Node.cpp(76,12): warning C4305: '=': truncation from 'double' to 'float'
C:\dev\Vivid3D\VividEngine\Node.cpp(182,21): warning C4267: 'return': conversion from 'size_t' to 'int', possible loss of data
C:\dev\Vivid3D\VividEngine\Node.cpp(503,29): warning C4267: 'argument': conversion from 'size_t' to 'int', possible loss of data
  PostProcess.cpp
  PostProcessing.cpp
  PPBloom.cpp
C:\dev\Vivid3D\VividEngine\Mesh3D.h(50,21): warning C4267: 'return': conversion from 'size_t' to 'int', possible loss of data
C:\dev\Vivid3D\VividEngine\NodeActor.cpp(41,20): warning C4018: '<': signed/unsigned mismatch
C:\dev\Vivid3D\VividEngine\NodeActor.cpp(61,20): warning C4018: '<': signed/unsigned mismatch
C:\dev\Vivid3D\VividEngine\NodeActor.cpp(87,20): warning C4018: '<': signed/unsigned mismatch
C:\dev\Vivid3D\VividEngine\NodeActor.cpp(126,23): warning C4244: '=': conversion from 'int' to 'T', possible loss of data
C:\dev\Vivid3D\VividEngine\NodeActor.cpp(126,23): warning C4244:         with
C:\dev\Vivid3D\VividEngine\NodeActor.cpp(126,23): warning C4244:         [
C:\dev\Vivid3D\VividEngine\NodeActor.cpp(126,23): warning C4244:             T=float
C:\dev\Vivid3D\VividEngine\NodeActor.cpp(126,23): warning C4244:         ]
C:\dev\Vivid3D\VividEngine\NodeActor.cpp(132,22): warning C4244: '=': conversion from 'int' to 'T', possible loss of data
C:\dev\Vivid3D\VividEngine\NodeActor.cpp(132,22): warning C4244:         with
C:\dev\Vivid3D\VividEngine\NodeActor.cpp(132,22): warning C4244:         [
C:\dev\Vivid3D\VividEngine\NodeActor.cpp(132,22): warning C4244:             T=float
C:\dev\Vivid3D\VividEngine\NodeActor.cpp(132,22): warning C4244:         ]
C:\dev\Vivid3D\VividEngine\NodeActor.cpp(138,23): warning C4244: '=': conversion from 'int' to 'T', possible loss of data
C:\dev\Vivid3D\VividEngine\NodeActor.cpp(138,23): warning C4244:         with
C:\dev\Vivid3D\VividEngine\NodeActor.cpp(138,23): warning C4244:         [
C:\dev\Vivid3D\VividEngine\NodeActor.cpp(138,23): warning C4244:             T=float
C:\dev\Vivid3D\VividEngine\NodeActor.cpp(138,23): warning C4244:         ]
C:\dev\Vivid3D\VividEngine\NodeActor.cpp(144,23): warning C4244: '=': conversion from 'int' to 'T', possible loss of data
C:\dev\Vivid3D\VividEngine\NodeActor.cpp(144,23): warning C4244:         with
C:\dev\Vivid3D\VividEngine\NodeActor.cpp(144,23): warning C4244:         [
C:\dev\Vivid3D\VividEngine\NodeActor.cpp(144,23): warning C4244:             T=float
C:\dev\Vivid3D\VividEngine\NodeActor.cpp(144,23): warning C4244:         ]
C:\dev\Vivid3D\VividEngine\NodeActor.cpp(257,33): warning C4267: 'argument': conversion from 'size_t' to 'int', possible loss of data
  PPEmissive.cpp
  Quat.cpp
  RendererBase.cpp
C:\dev\Vivid3D\VividEngine\NodeCamera.cpp(15,84): warning C4244: 'argument': conversion from 'int' to 'T', possible loss of data
C:\dev\Vivid3D\VividEngine\NodeCamera.cpp(15,84): warning C4244:         with
C:\dev\Vivid3D\VividEngine\NodeCamera.cpp(15,84): warning C4244:         [
C:\dev\Vivid3D\VividEngine\NodeCamera.cpp(15,84): warning C4244:             T=float
C:\dev\Vivid3D\VividEngine\NodeCamera.cpp(15,84): warning C4244:         ]
C:\dev\Vivid3D\VividEngine\NodeCamera.cpp(15,58): warning C4244: 'argument': conversion from 'int' to 'T', possible loss of data
C:\dev\Vivid3D\VividEngine\NodeCamera.cpp(15,58): warning C4244:         with
C:\dev\Vivid3D\VividEngine\NodeCamera.cpp(15,58): warning C4244:         [
C:\dev\Vivid3D\VividEngine\NodeCamera.cpp(15,58): warning C4244:             T=float
C:\dev\Vivid3D\VividEngine\NodeCamera.cpp(15,58): warning C4244:         ]
C:\dev\Vivid3D\VividEngine\NodeTerrain.cpp(168,59): warning C4267: '=': conversion from 'size_t' to 'Diligent::Uint32', possible loss of data
C:\dev\Vivid3D\VividEngine\NodeTerrain.cpp(231,55): warning C4267: '=': conversion from 'size_t' to 'Diligent::Uint32', possible loss of data
C:\dev\Vivid3D\VividEngine\NodeTerrain.cpp(359,30): warning C4267: 'argument': conversion from 'size_t' to 'int', possible loss of data
C:\dev\Vivid3D\VividEngine\NodeTerrain.cpp(371,29): warning C4267: 'argument': conversion from 'size_t' to 'int', possible loss of data
C:\dev\Vivid3D\VividEngine\NodeTerrain.cpp(379,33): warning C4267: 'argument': conversion from 'size_t' to 'int', possible loss of data
C:\dev\Vivid3D\VividEngine\NodeLight.cpp(45,29): warning C4267: 'argument': conversion from 'size_t' to 'int', possible loss of data
C:\dev\Vivid3D\VividEngine\MathsHelp.h(18,27): warning C4244: 'return': conversion from 'double' to 'float', possible loss of data
C:\dev\Vivid3D\VividEngine\PostProcessing.cpp(30,91): warning C4244: 'argument': conversion from 'int' to 'T', possible loss of data
C:\dev\Vivid3D\VividEngine\PostProcessing.cpp(30,91): warning C4244:         with
C:\dev\Vivid3D\VividEngine\PostProcessing.cpp(30,91): warning C4244:         [
C:\dev\Vivid3D\VividEngine\PostProcessing.cpp(30,91): warning C4244:             T=float
C:\dev\Vivid3D\VividEngine\PostProcessing.cpp(30,91): warning C4244:         ]
C:\dev\Vivid3D\VividEngine\PostProcessing.cpp(30,87): warning C4244: 'argument': conversion from 'int' to 'T', possible loss of data
C:\dev\Vivid3D\VividEngine\PostProcessing.cpp(30,87): warning C4244:         with
C:\dev\Vivid3D\VividEngine\PostProcessing.cpp(30,87): warning C4244:         [
C:\dev\Vivid3D\VividEngine\PostProcessing.cpp(30,87): warning C4244:             T=float
C:\dev\Vivid3D\VividEngine\PostProcessing.cpp(30,87): warning C4244:         ]
C:\dev\Vivid3D\VividEngine\PostProcessing.cpp(30,54): warning C4244: 'argument': conversion from 'int' to 'T', possible loss of data
C:\dev\Vivid3D\VividEngine\PostProcessing.cpp(30,54): warning C4244:         with
C:\dev\Vivid3D\VividEngine\PostProcessing.cpp(30,54): warning C4244:         [
C:\dev\Vivid3D\VividEngine\PostProcessing.cpp(30,54): warning C4244:             T=float
C:\dev\Vivid3D\VividEngine\PostProcessing.cpp(30,54): warning C4244:         ]
C:\dev\Vivid3D\VividEngine\Mesh3D.h(50,21): warning C4267: 'return': conversion from 'size_t' to 'int', possible loss of data
C:\dev\Vivid3D\VividEngine\Mesh3D.h(50,21): warning C4267: 'return': conversion from 'size_t' to 'int', possible loss of data
C:\dev\Vivid3D\VividEngine\NodeEntity.cpp(28,22): warning C4267: 'return': conversion from 'size_t' to 'int', possible loss of data
C:\dev\Vivid3D\VividEngine\NodeEntity.cpp(185,29): warning C4267: 'argument': conversion from 'size_t' to 'int', possible loss of data
C:\dev\Vivid3D\VividEngine\NodeEntity.cpp(221,30): warning C4267: 'argument': conversion from 'size_t' to 'int', possible loss of data
C:\dev\Vivid3D\VividEngine\NodeEntity.cpp(229,13): warning C4267: 'initializing': conversion from 'size_t' to 'int', possible loss of data
C:\dev\Vivid3D\VividEngine\NodeEntity.cpp(230,13): warning C4267: 'initializing': conversion from 'size_t' to 'int', possible loss of data
C:\dev\Vivid3D\VividEngine\NodeEntity.cpp(232,39): warning C4267: 'argument': conversion from 'size_t' to 'int', possible loss of data
C:\dev\Vivid3D\VividEngine\NodeEntity.cpp(235,35): warning C4267: 'argument': conversion from 'size_t' to 'int', possible loss of data
  RenderTarget2D.cpp
C:\dev\Vivid3D\VividEngine\PPBloom.cpp(30,90): warning C4244: 'argument': conversion from 'int' to 'T', possible loss of data
C:\dev\Vivid3D\VividEngine\PPBloom.cpp(30,90): warning C4244:         with
C:\dev\Vivid3D\VividEngine\PPBloom.cpp(30,90): warning C4244:         [
C:\dev\Vivid3D\VividEngine\PPBloom.cpp(30,90): warning C4244:             T=float
C:\dev\Vivid3D\VividEngine\PPBloom.cpp(30,90): warning C4244:         ]
C:\dev\Vivid3D\VividEngine\PPBloom.cpp(30,64): warning C4244: 'argument': conversion from 'int' to 'T', possible loss of data
C:\dev\Vivid3D\VividEngine\PPBloom.cpp(30,64): warning C4244:         with
C:\dev\Vivid3D\VividEngine\PPBloom.cpp(30,64): warning C4244:         [
C:\dev\Vivid3D\VividEngine\PPBloom.cpp(30,64): warning C4244:             T=float
C:\dev\Vivid3D\VividEngine\PPBloom.cpp(30,64): warning C4244:         ]
C:\dev\Vivid3D\VividEngine\PPBloom.cpp(37,98): warning C4244: 'argument': conversion from 'int' to 'T', possible loss of data
C:\dev\Vivid3D\VividEngine\PPBloom.cpp(37,98): warning C4244:         with
C:\dev\Vivid3D\VividEngine\PPBloom.cpp(37,98): warning C4244:         [
C:\dev\Vivid3D\VividEngine\PPBloom.cpp(37,98): warning C4244:             T=float
C:\dev\Vivid3D\VividEngine\PPBloom.cpp(37,98): warning C4244:         ]
C:\dev\Vivid3D\VividEngine\PPBloom.cpp(37,72): warning C4244: 'argument': conversion from 'int' to 'T', possible loss of data
C:\dev\Vivid3D\VividEngine\PPBloom.cpp(37,72): warning C4244:         with
C:\dev\Vivid3D\VividEngine\PPBloom.cpp(37,72): warning C4244:         [
C:\dev\Vivid3D\VividEngine\PPBloom.cpp(37,72): warning C4244:             T=float
C:\dev\Vivid3D\VividEngine\PPBloom.cpp(37,72): warning C4244:         ]
C:\dev\Vivid3D\VividEngine\PPBloom.cpp(46,98): warning C4244: 'argument': conversion from 'int' to 'T', possible loss of data
C:\dev\Vivid3D\VividEngine\PPBloom.cpp(46,98): warning C4244:         with
C:\dev\Vivid3D\VividEngine\PPBloom.cpp(46,98): warning C4244:         [
C:\dev\Vivid3D\VividEngine\PPBloom.cpp(46,98): warning C4244:             T=float
C:\dev\Vivid3D\VividEngine\PPBloom.cpp(46,98): warning C4244:         ]
C:\dev\Vivid3D\VividEngine\PPBloom.cpp(46,72): warning C4244: 'argument': conversion from 'int' to 'T', possible loss of data
C:\dev\Vivid3D\VividEngine\PPBloom.cpp(46,72): warning C4244:         with
C:\dev\Vivid3D\VividEngine\PPBloom.cpp(46,72): warning C4244:         [
C:\dev\Vivid3D\VividEngine\PPBloom.cpp(46,72): warning C4244:             T=float
C:\dev\Vivid3D\VividEngine\PPBloom.cpp(46,72): warning C4244:         ]
  RenderTargetCube.cpp
  RTMesh.cpp
  RTPipeline.cpp
  SceneGraph.cpp
  SceneOctree.cpp
C:\dev\Vivid3D\VividEngine\PPEmissive.cpp(42,99): warning C4244: 'argument': conversion from 'int' to 'T', possible loss of data
C:\dev\Vivid3D\VividEngine\PPEmissive.cpp(42,99): warning C4244:         with
C:\dev\Vivid3D\VividEngine\PPEmissive.cpp(42,99): warning C4244:         [
C:\dev\Vivid3D\VividEngine\PPEmissive.cpp(42,99): warning C4244:             T=float
C:\dev\Vivid3D\VividEngine\PPEmissive.cpp(42,99): warning C4244:         ]
C:\dev\Vivid3D\VividEngine\PPEmissive.cpp(42,95): warning C4244: 'argument': conversion from 'int' to 'T', possible loss of data
C:\dev\Vivid3D\VividEngine\PPEmissive.cpp(42,95): warning C4244:         with
C:\dev\Vivid3D\VividEngine\PPEmissive.cpp(42,95): warning C4244:         [
C:\dev\Vivid3D\VividEngine\PPEmissive.cpp(42,95): warning C4244:             T=float
C:\dev\Vivid3D\VividEngine\PPEmissive.cpp(42,95): warning C4244:         ]
C:\dev\Vivid3D\VividEngine\PPEmissive.cpp(42,62): warning C4244: 'argument': conversion from 'int' to 'T', possible loss of data
C:\dev\Vivid3D\VividEngine\PPEmissive.cpp(42,62): warning C4244:         with
C:\dev\Vivid3D\VividEngine\PPEmissive.cpp(42,62): warning C4244:         [
C:\dev\Vivid3D\VividEngine\PPEmissive.cpp(42,62): warning C4244:             T=float
C:\dev\Vivid3D\VividEngine\PPEmissive.cpp(42,62): warning C4244:         ]
C:\dev\Vivid3D\VividEngine\PPEmissive.cpp(52,98): warning C4244: 'argument': conversion from 'int' to 'T', possible loss of data
C:\dev\Vivid3D\VividEngine\PPEmissive.cpp(52,98): warning C4244:         with
C:\dev\Vivid3D\VividEngine\PPEmissive.cpp(52,98): warning C4244:         [
C:\dev\Vivid3D\VividEngine\PPEmissive.cpp(52,98): warning C4244:             T=float
C:\dev\Vivid3D\VividEngine\PPEmissive.cpp(52,98): warning C4244:         ]
C:\dev\Vivid3D\VividEngine\PPEmissive.cpp(52,72): warning C4244: 'argument': conversion from 'int' to 'T', possible loss of data
C:\dev\Vivid3D\VividEngine\PPEmissive.cpp(52,72): warning C4244:         with
C:\dev\Vivid3D\VividEngine\PPEmissive.cpp(52,72): warning C4244:         [
C:\dev\Vivid3D\VividEngine\PPEmissive.cpp(52,72): warning C4244:             T=float
C:\dev\Vivid3D\VividEngine\PPEmissive.cpp(52,72): warning C4244:         ]
  ScriptHost.cpp
  SolarisRenderer.cpp
  TerrainLayer.cpp
  TerrainMesh.cpp
  TerrainMeshBuffer.cpp
C:\dev\Vivid3D\VScript\VContext.h(76,16): warning C4267: 'initializing': conversion from 'size_t' to 'int', possible loss of data
  Texture2D.cpp
C:\dev\Vivid3D\VividEngine\Mesh3D.h(50,21): warning C4267: 'return': conversion from 'size_t' to 'int', possible loss of data
C:\dev\Vivid3D\VividEngine\RTMesh.cpp(21,53): warning C4267: '=': conversion from 'size_t' to 'Diligent::Uint32', possible loss of data
C:\dev\Vivid3D\VividEngine\RTMesh.cpp(24,52): warning C4267: '=': conversion from 'size_t' to 'Diligent::Uint32', possible loss of data
C:\dev\Vivid3D\VividEngine\RTMesh.cpp(152,53): warning C4267: '=': conversion from 'size_t' to 'Diligent::Uint32', possible loss of data
C:\dev\Vivid3D\VividEngine\RTMesh.cpp(155,52): warning C4267: '=': conversion from 'size_t' to 'Diligent::Uint32', possible loss of data
C:\dev\Vivid3D\VividEngine\Mesh3D.h(50,21): warning C4267: 'return': conversion from 'size_t' to 'int', possible loss of data
  TextureCube.cpp
C:\dev\Vivid3D\VividEngine\MathsHelp.h(18,27): warning C4244: 'return': conversion from 'double' to 'float', possible loss of data
C:\dev\Vivid3D\VividEngine\Mesh3D.h(50,21): warning C4267: 'return': conversion from 'size_t' to 'int', possible loss of data
  TrackKeyFrame.cpp
C:\dev\Vivid3D\VividEngine\MathsHelp.h(18,27): warning C4244: 'return': conversion from 'double' to 'float', possible loss of data
C:\dev\Vivid3D\VividEngine\TerrainLayer.cpp(45,19): warning C4101: 'xd': unreferenced local variable
C:\dev\Vivid3D\VividEngine\TerrainLayer.cpp(45,23): warning C4101: 'yd': unreferenced local variable
  opencl.hpp: CL_HPP_TARGET_OPENCL_VERSION is not defined. It will default to 300 (OpenCL 3.0)
  VFile.cpp
C:\dev\Vivid3D\VividEngine\TerrainMesh.cpp(73,47): warning C4267: '=': conversion from 'size_t' to 'Diligent::Uint32', possible loss of data
C:\dev\Vivid3D\VividEngine\TerrainMesh.cpp(76,51): warning C4267: '=': conversion from 'size_t' to 'Diligent::Uint32', possible loss of data
  VividEngine.cpp
C:\dev\Vivid3D\VividEngine\Mesh3D.h(50,21): warning C4267: 'return': conversion from 'size_t' to 'int', possible loss of data
C:\dev\Vivid3D\VividEngine\Mesh3D.h(50,21): warning C4267: 'return': conversion from 'size_t' to 'int', possible loss of data
C:\dev\Vivid3D\VividEngine\SolarisRenderer.cpp(181,65): warning C4267: 'argument': conversion from 'size_t' to 'T', possible loss of data
C:\dev\Vivid3D\VividEngine\SolarisRenderer.cpp(181,65): warning C4267:         with
C:\dev\Vivid3D\VividEngine\SolarisRenderer.cpp(181,65): warning C4267:         [
C:\dev\Vivid3D\VividEngine\SolarisRenderer.cpp(181,65): warning C4267:             T=int32_t
C:\dev\Vivid3D\VividEngine\SolarisRenderer.cpp(181,65): warning C4267:         ]
C:\dev\Vivid3D\VividEngine\SolarisRenderer.cpp(184,81): warning C4244: 'argument': conversion from 'int' to 'T', possible loss of data
C:\dev\Vivid3D\VividEngine\SolarisRenderer.cpp(184,81): warning C4244:         with
C:\dev\Vivid3D\VividEngine\SolarisRenderer.cpp(184,81): warning C4244:         [
C:\dev\Vivid3D\VividEngine\SolarisRenderer.cpp(184,81): warning C4244:             T=float
C:\dev\Vivid3D\VividEngine\SolarisRenderer.cpp(184,81): warning C4244:         ]
C:\dev\Vivid3D\VividEngine\SolarisRenderer.cpp(184,55): warning C4244: 'argument': conversion from 'int' to 'T', possible loss of data
C:\dev\Vivid3D\VividEngine\SolarisRenderer.cpp(184,55): warning C4244:         with
C:\dev\Vivid3D\VividEngine\SolarisRenderer.cpp(184,55): warning C4244:         [
C:\dev\Vivid3D\VividEngine\SolarisRenderer.cpp(184,55): warning C4244:             T=float
C:\dev\Vivid3D\VividEngine\SolarisRenderer.cpp(184,55): warning C4244:         ]
C:\dev\Vivid3D\VividEngine\SolarisRenderer.cpp(187,67): warning C4267: 'argument': conversion from 'size_t' to 'T', possible loss of data
C:\dev\Vivid3D\VividEngine\SolarisRenderer.cpp(187,67): warning C4267:         with
C:\dev\Vivid3D\VividEngine\SolarisRenderer.cpp(187,67): warning C4267:         [
C:\dev\Vivid3D\VividEngine\SolarisRenderer.cpp(187,67): warning C4267:             T=int32_t
C:\dev\Vivid3D\VividEngine\SolarisRenderer.cpp(187,67): warning C4267:         ]
C:\dev\Vivid3D\VividEngine\SolarisRenderer.cpp(213,95): warning C4244: 'argument': conversion from 'int' to 'T', possible loss of data
C:\dev\Vivid3D\VividEngine\SolarisRenderer.cpp(213,95): warning C4244:         with
C:\dev\Vivid3D\VividEngine\SolarisRenderer.cpp(213,95): warning C4244:         [
C:\dev\Vivid3D\VividEngine\SolarisRenderer.cpp(213,95): warning C4244:             T=float
C:\dev\Vivid3D\VividEngine\SolarisRenderer.cpp(213,95): warning C4244:         ]
C:\dev\Vivid3D\VividEngine\SolarisRenderer.cpp(213,82): warning C4244: 'argument': conversion from 'Diligent::Uint32' to 'T', possible loss of data
C:\dev\Vivid3D\VividEngine\SolarisRenderer.cpp(213,82): warning C4244:         with
C:\dev\Vivid3D\VividEngine\SolarisRenderer.cpp(213,82): warning C4244:         [
C:\dev\Vivid3D\VividEngine\SolarisRenderer.cpp(213,82): warning C4244:             T=float
C:\dev\Vivid3D\VividEngine\SolarisRenderer.cpp(213,82): warning C4244:         ]
C:\dev\Vivid3D\VividEngine\SolarisRenderer.cpp(213,54): warning C4244: 'argument': conversion from 'Diligent::Uint32' to 'T', possible loss of data
C:\dev\Vivid3D\VividEngine\SolarisRenderer.cpp(213,54): warning C4244:         with
C:\dev\Vivid3D\VividEngine\SolarisRenderer.cpp(213,54): warning C4244:         [
C:\dev\Vivid3D\VividEngine\SolarisRenderer.cpp(213,54): warning C4244:             T=float
C:\dev\Vivid3D\VividEngine\SolarisRenderer.cpp(213,54): warning C4244:         ]
C:\dev\Vivid3D\VividEngine\SolarisRenderer.cpp(324,11): warning C4267: '=': conversion from 'size_t' to 'int', possible loss of data
C:\dev\Vivid3D\VividEngine\SolarisRenderer.cpp(325,11): warning C4267: '=': conversion from 'size_t' to 'int', possible loss of data
C:\dev\Vivid3D\VividEngine\SolarisRenderer.cpp(353,17): warning C4267: '=': conversion from 'size_t' to 'int', possible loss of data
C:\dev\Vivid3D\VividEngine\SolarisRenderer.cpp(433,11): warning C4267: '=': conversion from 'size_t' to 'int', possible loss of data
C:\dev\Vivid3D\VividEngine\SolarisRenderer.cpp(434,11): warning C4267: '=': conversion from 'size_t' to 'int', possible loss of data
C:\dev\Vivid3D\VividEngine\SolarisRenderer.cpp(489,17): warning C4267: '=': conversion from 'size_t' to 'int', possible loss of data
C:\dev\Vivid3D\VividEngine\SolarisRenderer.cpp(681,30): warning C4267: '=': conversion from 'size_t' to 'int', possible loss of data
C:\dev\Vivid3D\VividEngine\SolarisRenderer.cpp(692,40): warning C4267: '=': conversion from 'size_t' to 'Diligent::Uint32', possible loss of data
C:\dev\Vivid3D\Vivid3D\packages\openexr-msvc14-x64.2.2.0.7784\build\native\include\OpenEXR\ImathVec.h(228,34): warning C5040: dynamic exception specifications are valid only in C++14 and earlier; treating as noexcept(false)
C:\dev\Vivid3D\Vivid3D\packages\openexr-msvc14-x64.2.2.0.7784\build\native\include\OpenEXR\ImathVec.h(228,56): warning C5040: dynamic exception specifications are valid only in C++14 and earlier; treating as noexcept(false)
C:\dev\Vivid3D\Vivid3D\packages\openexr-msvc14-x64.2.2.0.7784\build\native\include\OpenEXR\ImathVec.h(232,37): warning C5040: dynamic exception specifications are valid only in C++14 and earlier; treating as noexcept(false)
C:\dev\Vivid3D\Vivid3D\packages\openexr-msvc14-x64.2.2.0.7784\build\native\include\OpenEXR\ImathVec.h(232,59): warning C5040: dynamic exception specifications are valid only in C++14 and earlier; treating as noexcept(false)
C:\dev\Vivid3D\Vivid3D\packages\openexr-msvc14-x64.2.2.0.7784\build\native\include\OpenEXR\ImathVec.h(440,34): warning C5040: dynamic exception specifications are valid only in C++14 and earlier; treating as noexcept(false)
C:\dev\Vivid3D\Vivid3D\packages\openexr-msvc14-x64.2.2.0.7784\build\native\include\OpenEXR\ImathVec.h(440,56): warning C5040: dynamic exception specifications are valid only in C++14 and earlier; treating as noexcept(false)
C:\dev\Vivid3D\Vivid3D\packages\openexr-msvc14-x64.2.2.0.7784\build\native\include\OpenEXR\ImathVec.h(444,37): warning C5040: dynamic exception specifications are valid only in C++14 and earlier; treating as noexcept(false)
C:\dev\Vivid3D\Vivid3D\packages\openexr-msvc14-x64.2.2.0.7784\build\native\include\OpenEXR\ImathVec.h(444,59): warning C5040: dynamic exception specifications are valid only in C++14 and earlier; treating as noexcept(false)
C:\dev\Vivid3D\Vivid3D\packages\openexr-msvc14-x64.2.2.0.7784\build\native\include\OpenEXR\ImathVec.h(622,37): warning C5040: dynamic exception specifications are valid only in C++14 and earlier; treating as noexcept(false)
C:\dev\Vivid3D\Vivid3D\packages\openexr-msvc14-x64.2.2.0.7784\build\native\include\OpenEXR\ImathVec.h(622,59): warning C5040: dynamic exception specifications are valid only in C++14 and earlier; treating as noexcept(false)
C:\dev\Vivid3D\Vivid3D\packages\openexr-msvc14-x64.2.2.0.7784\build\native\include\OpenEXR\ImathVec.h(626,44): warning C5040: dynamic exception specifications are valid only in C++14 and earlier; treating as noexcept(false)
C:\dev\Vivid3D\Vivid3D\packages\openexr-msvc14-x64.2.2.0.7784\build\native\include\OpenEXR\ImathVec.h(626,66): warning C5040: dynamic exception specifications are valid only in C++14 and earlier; treating as noexcept(false)
C:\dev\Vivid3D\Vivid3D\packages\openexr-msvc14-x64.2.2.0.7784\build\native\include\OpenEXR\ImathVec.h(714,30): warning C5040: dynamic exception specifications are valid only in C++14 and earlier; treating as noexcept(false)
C:\dev\Vivid3D\Vivid3D\packages\openexr-msvc14-x64.2.2.0.7784\build\native\include\OpenEXR\ImathVec.h(714,52): warning C5040: dynamic exception specifications are valid only in C++14 and earlier; treating as noexcept(false)
C:\dev\Vivid3D\Vivid3D\packages\openexr-msvc14-x64.2.2.0.7784\build\native\include\OpenEXR\ImathVec.h(723,37): warning C5040: dynamic exception specifications are valid only in C++14 and earlier; treating as noexcept(false)
C:\dev\Vivid3D\Vivid3D\packages\openexr-msvc14-x64.2.2.0.7784\build\native\include\OpenEXR\ImathVec.h(723,59): warning C5040: dynamic exception specifications are valid only in C++14 and earlier; treating as noexcept(false)
C:\dev\Vivid3D\Vivid3D\packages\openexr-msvc14-x64.2.2.0.7784\build\native\include\OpenEXR\ImathVec.h(738,28): warning C5040: dynamic exception specifications are valid only in C++14 and earlier; treating as noexcept(false)
C:\dev\Vivid3D\Vivid3D\packages\openexr-msvc14-x64.2.2.0.7784\build\native\include\OpenEXR\ImathVec.h(738,50): warning C5040: dynamic exception specifications are valid only in C++14 and earlier; treating as noexcept(false)
C:\dev\Vivid3D\Vivid3D\packages\openexr-msvc14-x64.2.2.0.7784\build\native\include\OpenEXR\ImathVec.h(747,35): warning C5040: dynamic exception specifications are valid only in C++14 and earlier; treating as noexcept(false)
C:\dev\Vivid3D\Vivid3D\packages\openexr-msvc14-x64.2.2.0.7784\build\native\include\OpenEXR\ImathVec.h(747,57): warning C5040: dynamic exception specifications are valid only in C++14 and earlier; treating as noexcept(false)
C:\dev\Vivid3D\Vivid3D\packages\openexr-msvc14-x64.2.2.0.7784\build\native\include\OpenEXR\ImathVec.h(762,30): warning C5040: dynamic exception specifications are valid only in C++14 and earlier; treating as noexcept(false)
C:\dev\Vivid3D\Vivid3D\packages\openexr-msvc14-x64.2.2.0.7784\build\native\include\OpenEXR\ImathVec.h(762,52): warning C5040: dynamic exception specifications are valid only in C++14 and earlier; treating as noexcept(false)
C:\dev\Vivid3D\Vivid3D\packages\openexr-msvc14-x64.2.2.0.7784\build\native\include\OpenEXR\ImathVec.h(771,37): warning C5040: dynamic exception specifications are valid only in C++14 and earlier; treating as noexcept(false)
C:\dev\Vivid3D\Vivid3D\packages\openexr-msvc14-x64.2.2.0.7784\build\native\include\OpenEXR\ImathVec.h(771,59): warning C5040: dynamic exception specifications are valid only in C++14 and earlier; treating as noexcept(false)
C:\dev\Vivid3D\Vivid3D\packages\openexr-msvc14-x64.2.2.0.7784\build\native\include\OpenEXR\ImathVec.h(786,28): warning C5040: dynamic exception specifications are valid only in C++14 and earlier; treating as noexcept(false)
C:\dev\Vivid3D\Vivid3D\packages\openexr-msvc14-x64.2.2.0.7784\build\native\include\OpenEXR\ImathVec.h(786,50): warning C5040: dynamic exception specifications are valid only in C++14 and earlier; treating as noexcept(false)
C:\dev\Vivid3D\Vivid3D\packages\openexr-msvc14-x64.2.2.0.7784\build\native\include\OpenEXR\ImathVec.h(795,35): warning C5040: dynamic exception specifications are valid only in C++14 and earlier; treating as noexcept(false)
C:\dev\Vivid3D\Vivid3D\packages\openexr-msvc14-x64.2.2.0.7784\build\native\include\OpenEXR\ImathVec.h(795,57): warning C5040: dynamic exception specifications are valid only in C++14 and earlier; treating as noexcept(false)
C:\dev\Vivid3D\Vivid3D\packages\openexr-msvc14-x64.2.2.0.7784\build\native\include\OpenEXR\ImathVec.h(809,30): warning C5040: dynamic exception specifications are valid only in C++14 and earlier; treating as noexcept(false)
C:\dev\Vivid3D\Vivid3D\packages\openexr-msvc14-x64.2.2.0.7784\build\native\include\OpenEXR\ImathVec.h(809,52): warning C5040: dynamic exception specifications are valid only in C++14 and earlier; treating as noexcept(false)
C:\dev\Vivid3D\Vivid3D\packages\openexr-msvc14-x64.2.2.0.7784\build\native\include\OpenEXR\ImathVec.h(818,37): warning C5040: dynamic exception specifications are valid only in C++14 and earlier; treating as noexcept(false)
C:\dev\Vivid3D\Vivid3D\packages\openexr-msvc14-x64.2.2.0.7784\build\native\include\OpenEXR\ImathVec.h(818,59): warning C5040: dynamic exception specifications are valid only in C++14 and earlier; treating as noexcept(false)
C:\dev\Vivid3D\Vivid3D\packages\openexr-msvc14-x64.2.2.0.7784\build\native\include\OpenEXR\ImathVec.h(833,28): warning C5040: dynamic exception specifications are valid only in C++14 and earlier; treating as noexcept(false)
C:\dev\Vivid3D\Vivid3D\packages\openexr-msvc14-x64.2.2.0.7784\build\native\include\OpenEXR\ImathVec.h(833,50): warning C5040: dynamic exception specifications are valid only in C++14 and earlier; treating as noexcept(false)
C:\dev\Vivid3D\Vivid3D\packages\openexr-msvc14-x64.2.2.0.7784\build\native\include\OpenEXR\ImathVec.h(842,35): warning C5040: dynamic exception specifications are valid only in C++14 and earlier; treating as noexcept(false)
C:\dev\Vivid3D\Vivid3D\packages\openexr-msvc14-x64.2.2.0.7784\build\native\include\OpenEXR\ImathVec.h(842,57): warning C5040: dynamic exception specifications are valid only in C++14 and earlier; treating as noexcept(false)
C:\dev\Vivid3D\Vivid3D\packages\openexr-msvc14-x64.2.2.0.7784\build\native\include\OpenEXR\ImathVec.h(1212,26): warning C5040: dynamic exception specifications are valid only in C++14 and earlier; treating as noexcept(false)
C:\dev\Vivid3D\Vivid3D\packages\openexr-msvc14-x64.2.2.0.7784\build\native\include\OpenEXR\ImathVec.h(1212,48): warning C5040: dynamic exception specifications are valid only in C++14 and earlier; treating as noexcept(false)
C:\dev\Vivid3D\Vivid3D\packages\openexr-msvc14-x64.2.2.0.7784\build\native\include\OpenEXR\ImathVec.h(1249,33): warning C5040: dynamic exception specifications are valid only in C++14 and earlier; treating as noexcept(false)
C:\dev\Vivid3D\Vivid3D\packages\openexr-msvc14-x64.2.2.0.7784\build\native\include\OpenEXR\ImathVec.h(1249,55): warning C5040: dynamic exception specifications are valid only in C++14 and earlier; treating as noexcept(false)
C:\dev\Vivid3D\Vivid3D\packages\openexr-msvc14-x64.2.2.0.7784\build\native\include\OpenEXR\ImathVec.h(1704,26): warning C5040: dynamic exception specifications are valid only in C++14 and earlier; treating as noexcept(false)
C:\dev\Vivid3D\Vivid3D\packages\openexr-msvc14-x64.2.2.0.7784\build\native\include\OpenEXR\ImathVec.h(1704,48): warning C5040: dynamic exception specifications are valid only in C++14 and earlier; treating as noexcept(false)
C:\dev\Vivid3D\Vivid3D\packages\openexr-msvc14-x64.2.2.0.7784\build\native\include\OpenEXR\ImathVec.h(1743,33): warning C5040: dynamic exception specifications are valid only in C++14 and earlier; treating as noexcept(false)
C:\dev\Vivid3D\Vivid3D\packages\openexr-msvc14-x64.2.2.0.7784\build\native\include\OpenEXR\ImathVec.h(1743,55): warning C5040: dynamic exception specifications are valid only in C++14 and earlier; treating as noexcept(false)
C:\dev\Vivid3D\Vivid3D\packages\openexr-msvc14-x64.2.2.0.7784\build\native\include\OpenEXR\ImathVec.h(2109,26): warning C5040: dynamic exception specifications are valid only in C++14 and earlier; treating as noexcept(false)
C:\dev\Vivid3D\Vivid3D\packages\openexr-msvc14-x64.2.2.0.7784\build\native\include\OpenEXR\ImathVec.h(2109,48): warning C5040: dynamic exception specifications are valid only in C++14 and earlier; treating as noexcept(false)
C:\dev\Vivid3D\Vivid3D\packages\openexr-msvc14-x64.2.2.0.7784\build\native\include\OpenEXR\ImathVec.h(2150,33): warning C5040: dynamic exception specifications are valid only in C++14 and earlier; treating as noexcept(false)
C:\dev\Vivid3D\Vivid3D\packages\openexr-msvc14-x64.2.2.0.7784\build\native\include\OpenEXR\ImathVec.h(2150,55): warning C5040: dynamic exception specifications are valid only in C++14 and earlier; treating as noexcept(false)
C:\dev\Vivid3D\VividEngine\TextureCube.cpp(99,40): warning C4244: '=': conversion from 'float' to 'Diligent::Uint64', possible loss of data
  Replacing x64\Debug\pch.obj
cuda.lib(nvcuda.dll) : warning LNK4006: __NULL_IMPORT_DESCRIPTOR already defined in assimp-vc143-mt.lib(assimp-vc143-mt.dll); second definition ignored
cudart.lib(cudart64_12.dll) : warning LNK4006: __NULL_IMPORT_DESCRIPTOR already defined in assimp-vc143-mt.lib(assimp-vc143-mt.dll); second definition ignored
OpenCL.lib(OpenCL.dll) : warning LNK4006: __NULL_IMPORT_DESCRIPTOR already defined in assimp-vc143-mt.lib(assimp-vc143-mt.dll); second definition ignored
Importer.obj : warning LNK4006: "public: struct aiScene const * __cdecl Assimp::Importer::ReadFile(class std::basic_string<char,struct std::char_traits<char>,class std::allocator<char> > const &,unsigned int)" (?ReadFile@Importer@Assimp@@QEAAPEBUaiScene@@AEBV?$basic_string@DU?$char_traits@D@std@@V?$allocator@D@2@@std@@I@Z) already defined in assimp-vc143-mt.lib(assimp-vc143-mt.dll); second definition ignored
Importer.obj : warning LNK4006: "public: unsigned int __cdecl aiMaterial::GetTextureCount(enum aiTextureType)const " (?GetTextureCount@aiMaterial@@QEBAIW4aiTextureType@@@Z) already defined in assimp-vc143-mt.lib(assimp-vc143-mt.dll); second definition ignored
Importer.obj : warning LNK4006: "public: enum aiReturn __cdecl aiMaterial::GetTexture(enum aiTextureType,unsigned int,struct aiString *,enum aiTextureMapping *,unsigned int *,float *,enum aiTextureOp *,enum aiTextureMapMode *)const " (?GetTexture@aiMaterial@@QEBA?AW4aiReturn@@W4aiTextureType@@IPEAUaiString@@PEAW4aiTextureMapping@@PEAIPEAMPEAW4aiTextureOp@@PEAW4aiTextureMapMode@@@Z) already defined in assimp-vc143-mt.lib(assimp-vc143-mt.dll); second definition ignored
  VividEngine.vcxproj -> C:\dev\Vivid3D\Vivid3D\x64\Debug\VividEngine.lib
